<?xml version="1.0" encoding="UTF-8"?>
<testsuite xmlns:xsi="http://www.w3.org/2001/XMLSchema-instance" xsi:noNamespaceSchemaLocation="https://maven.apache.org/surefire/maven-surefire-plugin/xsd/surefire-test-report-3.0.xsd" version="3.0" name="TestSuite" time="85.697" tests="2" errors="0" skipped="0" failures="0">
  <properties>
    <property name="java.specification.version" value="14"/>
    <property name="sun.jnu.encoding" value="UTF-8"/>
    <property name="java.class.path" value="/Users/lindsaywalker/Documents/Example_Tests/QuickStart_Android/Mod2/2.04/target/test-classes:/Users/lindsaywalker/Documents/Example_Tests/QuickStart_Android/Mod2/2.04/target/classes:/Users/lindsaywalker/.m2/repository/org/testng/testng/6.14.3/testng-6.14.3.jar:/Users/lindsaywalker/.m2/repository/com/beust/jcommander/1.72/jcommander-1.72.jar:/Users/lindsaywalker/.m2/repository/org/apache-extras/beanshell/bsh/2.0b6/bsh-2.0b6.jar:/Users/lindsaywalker/.m2/repository/org/seleniumhq/selenium/selenium-api/3.141.59/selenium-api-3.141.59.jar:/Users/lindsaywalker/.m2/repository/org/seleniumhq/selenium/selenium-java/3.141.59/selenium-java-3.141.59.jar:/Users/lindsaywalker/.m2/repository/org/seleniumhq/selenium/selenium-chrome-driver/3.141.59/selenium-chrome-driver-3.141.59.jar:/Users/lindsaywalker/.m2/repository/org/seleniumhq/selenium/selenium-edge-driver/3.141.59/selenium-edge-driver-3.141.59.jar:/Users/lindsaywalker/.m2/repository/org/seleniumhq/selenium/selenium-firefox-driver/3.141.59/selenium-firefox-driver-3.141.59.jar:/Users/lindsaywalker/.m2/repository/org/seleniumhq/selenium/selenium-ie-driver/3.141.59/selenium-ie-driver-3.141.59.jar:/Users/lindsaywalker/.m2/repository/org/seleniumhq/selenium/selenium-opera-driver/3.141.59/selenium-opera-driver-3.141.59.jar:/Users/lindsaywalker/.m2/repository/org/seleniumhq/selenium/selenium-remote-driver/3.141.59/selenium-remote-driver-3.141.59.jar:/Users/lindsaywalker/.m2/repository/org/seleniumhq/selenium/selenium-safari-driver/3.141.59/selenium-safari-driver-3.141.59.jar:/Users/lindsaywalker/.m2/repository/org/seleniumhq/selenium/selenium-support/3.141.59/selenium-support-3.141.59.jar:/Users/lindsaywalker/.m2/repository/net/bytebuddy/byte-buddy/1.8.15/byte-buddy-1.8.15.jar:/Users/lindsaywalker/.m2/repository/org/apache/commons/commons-exec/1.3/commons-exec-1.3.jar:/Users/lindsaywalker/.m2/repository/com/google/guava/guava/25.0-jre/guava-25.0-jre.jar:/Users/lindsaywalker/.m2/repository/com/google/code/findbugs/jsr305/1.3.9/jsr305-1.3.9.jar:/Users/lindsaywalker/.m2/repository/org/checkerframework/checker-compat-qual/2.0.0/checker-compat-qual-2.0.0.jar:/Users/lindsaywalker/.m2/repository/com/google/errorprone/error_prone_annotations/2.1.3/error_prone_annotations-2.1.3.jar:/Users/lindsaywalker/.m2/repository/com/google/j2objc/j2objc-annotations/1.1/j2objc-annotations-1.1.jar:/Users/lindsaywalker/.m2/repository/org/codehaus/mojo/animal-sniffer-annotations/1.14/animal-sniffer-annotations-1.14.jar:/Users/lindsaywalker/.m2/repository/com/squareup/okhttp3/okhttp/3.11.0/okhttp-3.11.0.jar:/Users/lindsaywalker/.m2/repository/com/squareup/okio/okio/1.14.0/okio-1.14.0.jar:/Users/lindsaywalker/.m2/repository/commons-logging/commons-logging/1.2/commons-logging-1.2.jar:/Users/lindsaywalker/.m2/repository/org/hamcrest/hamcrest-core/1.3/hamcrest-core-1.3.jar:/Users/lindsaywalker/.m2/repository/log4j/log4j/1.2.17/log4j-1.2.17.jar:/Users/lindsaywalker/.m2/repository/org/assertj/assertj-core/3.10.0/assertj-core-3.10.0.jar:/Users/lindsaywalker/.m2/repository/com/saucelabs/saucerest/1.0.44/saucerest-1.0.44.jar:/Users/lindsaywalker/.m2/repository/commons-codec/commons-codec/1.10/commons-codec-1.10.jar:/Users/lindsaywalker/.m2/repository/org/json/json/20171018/json-20171018.jar:/Users/lindsaywalker/.m2/repository/io/appium/java-client/7.2.0/java-client-7.2.0.jar:/Users/lindsaywalker/.m2/repository/com/google/code/gson/gson/2.8.5/gson-2.8.5.jar:/Users/lindsaywalker/.m2/repository/org/apache/httpcomponents/httpclient/4.5.9/httpclient-4.5.9.jar:/Users/lindsaywalker/.m2/repository/org/apache/httpcomponents/httpcore/4.4.11/httpcore-4.4.11.jar:/Users/lindsaywalker/.m2/repository/cglib/cglib/3.2.12/cglib-3.2.12.jar:/Users/lindsaywalker/.m2/repository/org/ow2/asm/asm/7.1/asm-7.1.jar:/Users/lindsaywalker/.m2/repository/commons-validator/commons-validator/1.6/commons-validator-1.6.jar:/Users/lindsaywalker/.m2/repository/commons-beanutils/commons-beanutils/1.9.2/commons-beanutils-1.9.2.jar:/Users/lindsaywalker/.m2/repository/commons-digester/commons-digester/1.8.1/commons-digester-1.8.1.jar:/Users/lindsaywalker/.m2/repository/commons-collections/commons-collections/3.2.2/commons-collections-3.2.2.jar:/Users/lindsaywalker/.m2/repository/org/apache/commons/commons-lang3/3.9/commons-lang3-3.9.jar:/Users/lindsaywalker/.m2/repository/commons-io/commons-io/2.6/commons-io-2.6.jar:/Users/lindsaywalker/.m2/repository/org/springframework/spring-context/5.1.8.RELEASE/spring-context-5.1.8.RELEASE.jar:/Users/lindsaywalker/.m2/repository/org/springframework/spring-aop/5.1.8.RELEASE/spring-aop-5.1.8.RELEASE.jar:/Users/lindsaywalker/.m2/repository/org/springframework/spring-beans/5.1.8.RELEASE/spring-beans-5.1.8.RELEASE.jar:/Users/lindsaywalker/.m2/repository/org/springframework/spring-core/5.1.8.RELEASE/spring-core-5.1.8.RELEASE.jar:/Users/lindsaywalker/.m2/repository/org/springframework/spring-jcl/5.1.8.RELEASE/spring-jcl-5.1.8.RELEASE.jar:/Users/lindsaywalker/.m2/repository/org/springframework/spring-expression/5.1.8.RELEASE/spring-expression-5.1.8.RELEASE.jar:/Users/lindsaywalker/.m2/repository/org/aspectj/aspectjweaver/1.9.4/aspectjweaver-1.9.4.jar:/Users/lindsaywalker/.m2/repository/org/slf4j/slf4j-api/1.7.26/slf4j-api-1.7.26.jar:"/>
    <property name="java.vm.vendor" value="Oracle Corporation"/>
    <property name="sun.arch.data.model" value="64"/>
    <property name="java.vendor.url" value="https://java.oracle.com/"/>
    <property name="user.timezone" value="America/Chicago"/>
    <property name="os.name" value="Mac OS X"/>
    <property name="java.vm.specification.version" value="14"/>
    <property name="sun.java.launcher" value="SUN_STANDARD"/>
    <property name="user.country" value="US"/>
    <property name="sun.boot.library.path" value="/Library/Java/JavaVirtualMachines/jdk-14.0.2.jdk/Contents/Home/lib"/>
    <property name="sun.java.command" value="/Users/lindsaywalker/Documents/Example_Tests/QuickStart_Android/Mod2/2.04/target/surefire/surefirebooter1312300991056536772.jar /Users/lindsaywalker/Documents/Example_Tests/QuickStart_Android/Mod2/2.04/target/surefire 2020-12-09T13-14-12_986-jvmRun1 surefire17307126715560273290tmp surefire_013742734165052561584tmp"/>
    <property name="http.nonProxyHosts" value="local|*.local|169.254/16|*.169.254/16"/>
    <property name="jdk.debug" value="release"/>
    <property name="surefire.test.class.path" value="/Users/lindsaywalker/Documents/Example_Tests/QuickStart_Android/Mod2/2.04/target/test-classes:/Users/lindsaywalker/Documents/Example_Tests/QuickStart_Android/Mod2/2.04/target/classes:/Users/lindsaywalker/.m2/repository/org/testng/testng/6.14.3/testng-6.14.3.jar:/Users/lindsaywalker/.m2/repository/com/beust/jcommander/1.72/jcommander-1.72.jar:/Users/lindsaywalker/.m2/repository/org/apache-extras/beanshell/bsh/2.0b6/bsh-2.0b6.jar:/Users/lindsaywalker/.m2/repository/org/seleniumhq/selenium/selenium-api/3.141.59/selenium-api-3.141.59.jar:/Users/lindsaywalker/.m2/repository/org/seleniumhq/selenium/selenium-java/3.141.59/selenium-java-3.141.59.jar:/Users/lindsaywalker/.m2/repository/org/seleniumhq/selenium/selenium-chrome-driver/3.141.59/selenium-chrome-driver-3.141.59.jar:/Users/lindsaywalker/.m2/repository/org/seleniumhq/selenium/selenium-edge-driver/3.141.59/selenium-edge-driver-3.141.59.jar:/Users/lindsaywalker/.m2/repository/org/seleniumhq/selenium/selenium-firefox-driver/3.141.59/selenium-firefox-driver-3.141.59.jar:/Users/lindsaywalker/.m2/repository/org/seleniumhq/selenium/selenium-ie-driver/3.141.59/selenium-ie-driver-3.141.59.jar:/Users/lindsaywalker/.m2/repository/org/seleniumhq/selenium/selenium-opera-driver/3.141.59/selenium-opera-driver-3.141.59.jar:/Users/lindsaywalker/.m2/repository/org/seleniumhq/selenium/selenium-remote-driver/3.141.59/selenium-remote-driver-3.141.59.jar:/Users/lindsaywalker/.m2/repository/org/seleniumhq/selenium/selenium-safari-driver/3.141.59/selenium-safari-driver-3.141.59.jar:/Users/lindsaywalker/.m2/repository/org/seleniumhq/selenium/selenium-support/3.141.59/selenium-support-3.141.59.jar:/Users/lindsaywalker/.m2/repository/net/bytebuddy/byte-buddy/1.8.15/byte-buddy-1.8.15.jar:/Users/lindsaywalker/.m2/repository/org/apache/commons/commons-exec/1.3/commons-exec-1.3.jar:/Users/lindsaywalker/.m2/repository/com/google/guava/guava/25.0-jre/guava-25.0-jre.jar:/Users/lindsaywalker/.m2/repository/com/google/code/findbugs/jsr305/1.3.9/jsr305-1.3.9.jar:/Users/lindsaywalker/.m2/repository/org/checkerframework/checker-compat-qual/2.0.0/checker-compat-qual-2.0.0.jar:/Users/lindsaywalker/.m2/repository/com/google/errorprone/error_prone_annotations/2.1.3/error_prone_annotations-2.1.3.jar:/Users/lindsaywalker/.m2/repository/com/google/j2objc/j2objc-annotations/1.1/j2objc-annotations-1.1.jar:/Users/lindsaywalker/.m2/repository/org/codehaus/mojo/animal-sniffer-annotations/1.14/animal-sniffer-annotations-1.14.jar:/Users/lindsaywalker/.m2/repository/com/squareup/okhttp3/okhttp/3.11.0/okhttp-3.11.0.jar:/Users/lindsaywalker/.m2/repository/com/squareup/okio/okio/1.14.0/okio-1.14.0.jar:/Users/lindsaywalker/.m2/repository/commons-logging/commons-logging/1.2/commons-logging-1.2.jar:/Users/lindsaywalker/.m2/repository/org/hamcrest/hamcrest-core/1.3/hamcrest-core-1.3.jar:/Users/lindsaywalker/.m2/repository/log4j/log4j/1.2.17/log4j-1.2.17.jar:/Users/lindsaywalker/.m2/repository/org/assertj/assertj-core/3.10.0/assertj-core-3.10.0.jar:/Users/lindsaywalker/.m2/repository/com/saucelabs/saucerest/1.0.44/saucerest-1.0.44.jar:/Users/lindsaywalker/.m2/repository/commons-codec/commons-codec/1.10/commons-codec-1.10.jar:/Users/lindsaywalker/.m2/repository/org/json/json/20171018/json-20171018.jar:/Users/lindsaywalker/.m2/repository/io/appium/java-client/7.2.0/java-client-7.2.0.jar:/Users/lindsaywalker/.m2/repository/com/google/code/gson/gson/2.8.5/gson-2.8.5.jar:/Users/lindsaywalker/.m2/repository/org/apache/httpcomponents/httpclient/4.5.9/httpclient-4.5.9.jar:/Users/lindsaywalker/.m2/repository/org/apache/httpcomponents/httpcore/4.4.11/httpcore-4.4.11.jar:/Users/lindsaywalker/.m2/repository/cglib/cglib/3.2.12/cglib-3.2.12.jar:/Users/lindsaywalker/.m2/repository/org/ow2/asm/asm/7.1/asm-7.1.jar:/Users/lindsaywalker/.m2/repository/commons-validator/commons-validator/1.6/commons-validator-1.6.jar:/Users/lindsaywalker/.m2/repository/commons-beanutils/commons-beanutils/1.9.2/commons-beanutils-1.9.2.jar:/Users/lindsaywalker/.m2/repository/commons-digester/commons-digester/1.8.1/commons-digester-1.8.1.jar:/Users/lindsaywalker/.m2/repository/commons-collections/commons-collections/3.2.2/commons-collections-3.2.2.jar:/Users/lindsaywalker/.m2/repository/org/apache/commons/commons-lang3/3.9/commons-lang3-3.9.jar:/Users/lindsaywalker/.m2/repository/commons-io/commons-io/2.6/commons-io-2.6.jar:/Users/lindsaywalker/.m2/repository/org/springframework/spring-context/5.1.8.RELEASE/spring-context-5.1.8.RELEASE.jar:/Users/lindsaywalker/.m2/repository/org/springframework/spring-aop/5.1.8.RELEASE/spring-aop-5.1.8.RELEASE.jar:/Users/lindsaywalker/.m2/repository/org/springframework/spring-beans/5.1.8.RELEASE/spring-beans-5.1.8.RELEASE.jar:/Users/lindsaywalker/.m2/repository/org/springframework/spring-core/5.1.8.RELEASE/spring-core-5.1.8.RELEASE.jar:/Users/lindsaywalker/.m2/repository/org/springframework/spring-jcl/5.1.8.RELEASE/spring-jcl-5.1.8.RELEASE.jar:/Users/lindsaywalker/.m2/repository/org/springframework/spring-expression/5.1.8.RELEASE/spring-expression-5.1.8.RELEASE.jar:/Users/lindsaywalker/.m2/repository/org/aspectj/aspectjweaver/1.9.4/aspectjweaver-1.9.4.jar:/Users/lindsaywalker/.m2/repository/org/slf4j/slf4j-api/1.7.26/slf4j-api-1.7.26.jar:"/>
    <property name="sun.cpu.endian" value="little"/>
    <property name="user.home" value="/Users/lindsaywalker"/>
    <property name="user.language" value="en"/>
    <property name="java.specification.vendor" value="Oracle Corporation"/>
    <property name="java.version.date" value="2020-07-14"/>
    <property name="java.home" value="/Library/Java/JavaVirtualMachines/jdk-14.0.2.jdk/Contents/Home"/>
    <property name="file.separator" value="/"/>
    <property name="basedir" value="/Users/lindsaywalker/Documents/Example_Tests/QuickStart_Android/Mod2/2.04"/>
    <property name="java.vm.compressedOopsMode" value="Zero based"/>
    <property name="line.separator" value="&#10;"/>
    <property name="java.specification.name" value="Java Platform API Specification"/>
    <property name="java.vm.specification.vendor" value="Oracle Corporation"/>
    <property name="surefire.real.class.path" value="/Users/lindsaywalker/Documents/Example_Tests/QuickStart_Android/Mod2/2.04/target/surefire/surefirebooter1312300991056536772.jar"/>
    <property name="sun.management.compiler" value="HotSpot 64-Bit Tiered Compilers"/>
    <property name="ftp.nonProxyHosts" value="local|*.local|169.254/16|*.169.254/16"/>
    <property name="java.runtime.version" value="14.0.2+12-46"/>
    <property name="user.name" value="lindsaywalker"/>
    <property name="path.separator" value=":"/>
    <property name="os.version" value="10.15.7"/>
    <property name="java.runtime.name" value="Java(TM) SE Runtime Environment"/>
    <property name="file.encoding" value="UTF-8"/>
    <property name="java.vm.name" value="Java HotSpot(TM) 64-Bit Server VM"/>
    <property name="localRepository" value="/Users/lindsaywalker/.m2/repository"/>
    <property name="java.vendor.url.bug" value="https://bugreport.java.com/bugreport/"/>
    <property name="java.io.tmpdir" value="/var/folders/rr/hxclw1vx3xncwrxj8d56gb700000gn/T/"/>
    <property name="java.version" value="14.0.2"/>
    <property name="user.dir" value="/Users/lindsaywalker/Documents/Example_Tests/QuickStart_Android/Mod2/2.04"/>
    <property name="os.arch" value="x86_64"/>
    <property name="java.vm.specification.name" value="Java Virtual Machine Specification"/>
    <property name="java.library.path" value="/Users/lindsaywalker/Library/Java/Extensions:/Library/Java/Extensions:/Network/Library/Java/Extensions:/System/Library/Java/Extensions:/usr/lib/java:."/>
    <property name="java.vm.info" value="mixed mode, sharing"/>
    <property name="java.vendor" value="Oracle Corporation"/>
    <property name="java.vm.version" value="14.0.2+12-46"/>
    <property name="sun.io.unicode.encoding" value="UnicodeBig"/>
    <property name="socksNonProxyHosts" value="local|*.local|169.254/16|*.169.254/16"/>
    <property name="java.class.version" value="58.0"/>
  </properties>
  <testcase name="loginTestValidProblem" classname="tests.Mobile_Android_EMU_Test" time="7.991"/>
  <testcase name="loginToSwagLabsTestValid" classname="tests.Mobile_Android_EMU_Test" time="6.788"/>
</testsuite>