<?xml version="1.0" encoding="UTF-8"?>
<!-- Generated by org.testng.reporters.JUnitReportReporter -->
<testsuite hostname="SL-1134" failures="0" tests="1" name="tests.Mobile_Android_Browser_Test" time="33.257" errors="0" timestamp="11 Dec 2020 18:47:46 GMT" skipped="0">
  <testcase classname="tests.Mobile_Android_Browser_Test" name="loginToSwagLabsTestValid" time="33.257"/>
</testsuite> <!-- tests.Mobile_Android_Browser_Test -->
