<?xml version="1.0" encoding="UTF-8"?>
<!-- Generated by org.testng.reporters.JUnitReportReporter -->
<testsuite hostname="SL-1134" failures="0" tests="1" name="tests.Mobile_Android_Browser_Test" time="37.096" errors="0" timestamp="11 Dec 2020 19:21:05 GMT" skipped="0">
  <testcase classname="tests.Mobile_Android_Browser_Test" name="loginToSwagLabsTestValid" time="37.096"/>
</testsuite> <!-- tests.Mobile_Android_Browser_Test -->
