<?xml version="1.0" encoding="UTF-8"?>
<!-- Generated by org.testng.reporters.JUnitReportReporter -->
<testsuite hostname="SL-1134" failures="0" tests="2" name="tests.Mobile_Android_EMU_Test" time="71.304" errors="0" timestamp="07 Dec 2020 18:40:32 GMT" skipped="0">
  <testcase classname="tests.Mobile_Android_EMU_Test" name="loginTestValidProblem" time="31.696"/>
  <testcase classname="tests.Mobile_Android_EMU_Test" name="loginToSwagLabsTestValid" time="39.608"/>
</testsuite> <!-- tests.Mobile_Android_EMU_Test -->
