<?xml version="1.0" encoding="UTF-8"?>
<!-- Generated by org.testng.reporters.JUnitReportReporter -->
<testsuite hostname="SL-1134" failures="0" tests="2" name="tests.Mobile_Android_EMU_Test" time="81.662" errors="0" timestamp="09 Dec 2020 18:08:27 GMT" skipped="0">
  <testcase classname="tests.Mobile_Android_EMU_Test" name="loginTestValidProblem" time="45.967"/>
  <testcase classname="tests.Mobile_Android_EMU_Test" name="loginToSwagLabsTestValid" time="35.695"/>
</testsuite> <!-- tests.Mobile_Android_EMU_Test -->
