<?xml version="1.0" encoding="UTF-8"?>
<!-- Generated by org.testng.reporters.JUnitReportReporter -->
<testsuite hostname="SL-1134" failures="0" tests="2" name="tests.BasicTest" time="41.566" errors="0" timestamp="02 Dec 2020 18:26:34 GMT" skipped="0">
  <testcase classname="tests.BasicTest" name="loginTestValidProblem" time="20.697"/>
  <testcase classname="tests.BasicTest" name="loginToSwagLabsTestValid" time="20.869"/>
</testsuite> <!-- tests.BasicTest -->
