<?xml version="1.0" encoding="UTF-8"?>
<!-- Generated by org.testng.reporters.JUnitReportReporter -->
<testsuite hostname="SL-1134" failures="0" tests="2" name="tests.BasicTest" time="48.225" errors="0" timestamp="24 Nov 2020 16:39:09 GMT" skipped="0">
  <testcase classname="tests.BasicTest" name="loginTestValidProblem" time="22.476"/>
  <testcase classname="tests.BasicTest" name="loginToSwagLabsTestValid" time="25.749"/>
</testsuite> <!-- tests.BasicTest -->
